0 info it worked if it ends with ok
1 verbose cli [ '/usr/bin/nodejs', '/usr/bin/npm', 'run', 'start-server' ]
2 info using npm@3.5.2
3 info using node@v4.2.6
4 verbose run-script [ 'prestart-server', 'start-server', 'poststart-server' ]
5 info lifecycle pax@0.0.1~prestart-server: pax@0.0.1
6 silly lifecycle pax@0.0.1~prestart-server: no script for prestart-server, continuing
7 info lifecycle pax@0.0.1~start-server: pax@0.0.1
8 verbose lifecycle pax@0.0.1~start-server: unsafe-perm in lifecycle true
9 verbose lifecycle pax@0.0.1~start-server: PATH: /usr/share/npm/bin/node-gyp-bin:/home/alexander/hrr-Thesis/pax/node_modules/.bin:/home/alexander/bin:/home/alexander/.local/bin:/usr/local/sbin:/usr/local/bin:/usr/sbin:/usr/bin:/sbin:/bin:/usr/games:/usr/local/games:/snap/bin
10 verbose lifecycle pax@0.0.1~start-server: CWD: /home/alexander/hrr-Thesis/pax
11 silly lifecycle pax@0.0.1~start-server: Args: [ '-c', 'nodemon server/server-index.js --inspect' ]
12 info lifecycle pax@0.0.1~start-server: Failed to exec start-server script
13 verbose stack Error: pax@0.0.1 start-server: `nodemon server/server-index.js --inspect`
13 verbose stack spawn ENOENT
13 verbose stack     at ChildProcess.<anonymous> (/usr/share/npm/lib/utils/spawn.js:17:16)
13 verbose stack     at emitTwo (events.js:87:13)
13 verbose stack     at ChildProcess.emit (events.js:172:7)
13 verbose stack     at maybeClose (internal/child_process.js:821:16)
13 verbose stack     at Process.ChildProcess._handle.onexit (internal/child_process.js:211:5)
14 verbose pkgid pax@0.0.1
15 verbose cwd /home/alexander/hrr-Thesis/pax
16 error Linux 4.8.0-59-generic
17 error argv "/usr/bin/nodejs" "/usr/bin/npm" "run" "start-server"
18 error node v4.2.6
19 error npm  v3.5.2
20 error file sh
21 error code ELIFECYCLE
22 error errno ENOENT
23 error syscall spawn
24 error pax@0.0.1 start-server: `nodemon server/server-index.js --inspect`
24 error spawn ENOENT
25 error Failed at the pax@0.0.1 start-server script 'nodemon server/server-index.js --inspect'.
25 error Make sure you have the latest version of node.js and npm installed.
25 error If you do, this is most likely a problem with the pax package,
25 error not with npm itself.
25 error Tell the author that this fails on your system:
25 error     nodemon server/server-index.js --inspect
25 error You can get information on how to open an issue for this project with:
25 error     npm bugs pax
25 error Or if that isn't available, you can get their info via:
25 error     npm owner ls pax
25 error There is likely additional logging output above.
26 verbose exit [ 1, true ]
